Unity Editor version:    2021.3.8f1 (b30333d56e81)
Branch:                  2021.3/staging
Build type:              Release
Batch mode:              YES
macOS version:           Version 12.6 (Build 21G115)
Darwin version:          21.6.0
Architecture:            x86_64
Running under Rosetta:   YES
Available memory:        8192 MB
Using pre-set license
Pro License: YES

COMMAND LINE ARGUMENTS:
/Applications/Unity/Hub/Editor/2021.3.8f1/Unity.app/Contents/MacOS/Unity
-adb2
-batchMode
-noUpm
-name
AssetImportWorker249
-projectPath
/Volumes/X-FILES/GitHub/Snow-Board-Game/Snow-Board
-logFile
Logs/AssetImportWorker249.log
-srvPort
49306
Successfully changed project path to: /Volumes/X-FILES/GitHub/Snow-Board-Game/Snow-Board
/Volumes/X-FILES/GitHub/Snow-Board-Game/Snow-Board
[UnityMemory] Configuration Parameters - Can be set up in boot.config
    "memorysetup-bucket-allocator-granularity=16"
    "memorysetup-bucket-allocator-bucket-count=8"
    "memorysetup-bucket-allocator-block-size=33554432"
    "memorysetup-bucket-allocator-block-count=8"
    "memorysetup-main-allocator-block-size=16777216"
    "memorysetup-thread-allocator-block-size=16777216"
    "memorysetup-gfx-main-allocator-block-size=16777216"
    "memorysetup-gfx-thread-allocator-block-size=16777216"
    "memorysetup-cache-allocator-block-size=4194304"
    "memorysetup-typetree-allocator-block-size=2097152"
    "memorysetup-profiler-bucket-allocator-granularity=16"
    "memorysetup-profiler-bucket-allocator-bucket-count=8"
    "memorysetup-profiler-bucket-allocator-block-size=33554432"
    "memorysetup-profiler-bucket-allocator-block-count=8"
    "memorysetup-profiler-allocator-block-size=16777216"
    "memorysetup-profiler-editor-allocator-block-size=1048576"
    "memorysetup-temp-allocator-size-main=16777216"
    "memorysetup-job-temp-allocator-block-size=2097152"
    "memorysetup-job-temp-allocator-block-size-background=1048576"
    "memorysetup-job-temp-allocator-reduction-small-platforms=262144"
    "memorysetup-temp-allocator-size-background-worker=32768"
    "memorysetup-temp-allocator-size-job-worker=262144"
    "memorysetup-temp-allocator-size-preload-manager=33554432"
    "memorysetup-temp-allocator-size-nav-mesh-worker=65536"
    "memorysetup-temp-allocator-size-audio-worker=65536"
    "memorysetup-temp-allocator-size-cloud-worker=32768"
    "memorysetup-temp-allocator-size-gi-baking-worker=262144"
    "memorysetup-temp-allocator-size-gfx=262144"
mdb reader table full -> cleaning up stale readers. Current readers:
    pid     thread     txnid
      1172 208ab9600 -
     11266 20700a600 -
      1172 3118c1000 -
     11264 20a305600 -
     11395 2088e5600 -
     11397 20930d600 -
     11526 2090ea600 -
     11528 20ad42600 -
     11656 2092ee600 -
     11658 207458600 -
     11788 208bb3600 -
     11790 20b291600 -
     11921 208a88600 -
     11923 206f7c600 -
     11949 206a47600 -
     11947 20b2ea600 -
     11959 20b013600 -
     11957 20889c600 -
     11969 2091d7600 -
     11967 20654c600 -
     11982 20a3e0600 -
     11984 20661b600 -
     11997 208551600 -
     11995 20affa600 -
     12021 208f3d600 -
     12019 2070c1600 -
     12030 2071c8600 -
     12032 2083e7600 -
     12043 206763600 -
     12045 208f9e600 -
     12062 2073eb600 -
     12064 20a8cd600 -
     12093 208763600 -
     12095 206ffb600 -
     12122 20ae5b600 -
     12110 20b223600 -
     12108 2087e3600 -
     12124 20719c600 -
     12139 2066d4600 -
     12141 206477600 -
     12162 206d4f600 -
     12160 20af4e600 -
     12174 20a537600 -
     12172 20a9e8600 -
     12221 2092b3600 -
     12219 207362600 -
     12248 20a93a600 -
     12246 206e2e600 -
     12268 20aa27600 -
     12270 20747d600 -
     12308 2070a1600 -
     12310 206fdb600 -
     12340 20b268600 -
     12342 206b38600 -
     12359 20b2f3600 -
     12357 20a7b8600 -
     12375 208c9e600 -
     12377 20b132600 -
     12405 2072cf600 -
     12403 20b3db600 -
     12419 206def600 -
     12417 206676600 -
     12451 208fc0600 -
     12449 206ae3600 -
     12482 208bc7600 -
     12484 2065e0600 -
     12494 20b1b4600 -
     12492 20ad12600 -
     12515 208490600 -
     12517 208402600 -
     12528 208ca5600 -
     12530 206ddf600 -
     12545 206927600 -
     12543 2094e6600 -
     12560 208e67600 -
     12558 20a6ae600 -
     12584 20b18e600 -
     12582 209020600 -
     12618 208573600 -
     12616 2072ee600 -
     12634 2092a2600 -
     12632 2084bc600 -
     12669 208357600 -
     12667 206e6a600 -
     12701 206600600 -
     12703 20873c600 -
     12727 2070f6600 -
     12725 20651f600 -
     12761 207084600 -
     12759 20ae10600 -
     12788 209290600 -
     12786 2085d0600 -
     12817 208913600 -
     12819 206f14600 -
     12829 20b277600 -
     12827 209136600 -
     12844 207171600 -
     12846 206676600 -
     12856 209132600 -
     12858 208501600 -
     12882 2090d8600 -
     12880 208387600 -
     12902 208ecd600 -
     12900 208931600 -
     12923 20ab87600 -
     12921 208941600 -
     12936 209164600 -
     12938 20b38e600 -
     13020 20af29600 -
     13022 20915c600 -
     13148 206dce600 -
     13150 20a2f1600 -
     13275 208470600 -
     13277 206b7e600 -
     13406 208f24600 -
     13404 208cf8600 -
     13533 20aa8d600 -
     13531 20b1d3600 -
     13595 20a963600 -
     13597 2071e3600 -
     13608 2069d2600 -
     13610 208839600 -
     13621 20aa9b600 -
     13623 2070cf600 -
     13633 208ea0600 -
     13635 208b99600 -
Cleaned out 124 stale readers
mdb reader table full -> cleaning up stale readers. Current readers:
    pid     thread     txnid
      1172 208ab9600 -
     11266 20700a600 -
     11397 20930d600 -
     11395 2088e5600 -
     11528 20ad42600 -
     11526 2090ea600 -
     11658 207458600 -
     11656 2092ee600 -
     11790 20b291600 -
     11788 208bb3600 -
     11923 206f7c600 -
     11921 208a88600 -
     11947 20b2ea600 -
     11949 206a47600 -
     11957 20889c600 -
     11959 20b013600 -
     11969 2091d7600 -
     11967 20654c600 -
     11984 20661b600 -
     11982 20a3e0600 -
     11995 20affa600 -
     11997 208551600 -
     12019 2070c1600 -
     12021 208f3d600 -
     12032 2083e7600 -
     12030 2071c8600 -
     12043 206763600 -
     12045 208f9e600 -
     12062 2073eb600 -
     12064 20a8cd600 -
     12093 208763600 -
     12095 206ffb600 -
     12108 2087e3600 -
     12110 20b223600 -
     12124 20719c600 -
     12122 20ae5b600 -
     12141 206477600 -
     12139 2066d4600 -
     12162 206d4f600 -
     12160 20af4e600 -
     12172 20a9e8600 -
     12174 20a537600 -
     12221 2092b3600 -
     12219 207362600 -
     12248 20a93a600 -
     12246 206e2e600 -
     12270 20747d600 -
     12268 20aa27600 -
     12310 206fdb600 -
     12308 2070a1600 -
     12340 20b268600 -
     12342 206b38600 -
     12359 20b2f3600 -
     12357 20a7b8600 -
     12375 208c9e600 -
     12377 20b132600 -
     12405 2072cf600 -
     12403 20b3db600 -
     12417 206676600 -
     12419 206def600 -
     12449 206ae3600 -
     12451 208fc0600 -
     12484 2065e0600 -
     12482 208bc7600 -
     12492 20ad12600 -
     12494 20b1b4600 -
     12515 208490600 -
     12517 208402600 -
     12528 208ca5600 -
     12530 206ddf600 -
     12543 2094e6600 -
     12545 206927600 -
     12560 208e67600 -
     12558 20a6ae600 -
     12584 20b18e600 -
     12582 209020600 -
     12618 208573600 -
     12616 2072ee600 -
     12634 2092a2600 -
     12632 2084bc600 -
     12667 206e6a600 -
     12669 208357600 -
     12703 20873c600 -
     12701 206600600 -
     12725 20651f600 -
     12727 2070f6600 -
     12759 20ae10600 -
     12761 207084600 -
     12786 2085d0600 -
     12788 209290600 -
     12819 206f14600 -
     12817 208913600 -
     12827 209136600 -
     12829 20b277600 -
     12846 206676600 -
     12844 207171600 -
     12858 208501600 -
     12856 209132600 -
     12880 208387600 -
     12882 2090d8600 -
     12902 208ecd600 -
     12900 208931600 -
     12923 20ab87600 -
     12921 208941600 -
     12936 209164600 -
     12938 20b38e600 -
     13020 20af29600 -
     13022 20915c600 -
     13150 20a2f1600 -
     13148 206dce600 -
     13277 206b7e600 -
     13275 208470600 -
     13404 208cf8600 -
     13406 208f24600 -
     13531 20b1d3600 -
     13533 20aa8d600 -
     13597 2071e3600 -
     13595 20a963600 -
     13610 208839600 -
     13608 2069d2600 -
     13621 20aa9b600 -
     13623 2070cf600 -
     13633 208ea0600 -
     13635 208b99600 -
     13648 2069a7600 9889
     11264 20a305600 -
Cleaned out 124 stale readers
Refreshing native plugins compatible for Editor in 516.34 ms, found 3 plugins.
Preloading 0 native plugins for Editor in 0.00 ms.
Initialize engine version: 2021.3.8f1 (b30333d56e81)
[Subsystems] Discovering subsystems at path /Applications/Unity/Hub/Editor/2021.3.8f1/Unity.app/Contents/Resources/UnitySubsystems
[Subsystems] Discovering subsystems at path /Volumes/X-FILES/GitHub/Snow-Board-Game/Snow-Board/Assets
GfxDevice: creating device client; threaded=0; jobified=0
 preferred device: Apple M2 (high power)
Metal devices available: 1
0: Apple M2 (high power)
Using device Apple M2 (high power)
Initializing Metal device caps: Apple M2
Initialize mono
Mono path[0] = '/Applications/Unity/Hub/Editor/2021.3.8f1/Unity.app/Contents/Managed'
Mono path[1] = '/Applications/Unity/Hub/Editor/2021.3.8f1/Unity.app/Contents/MonoBleedingEdge/lib/mono/unityjit-macos'
Mono config path = '/Applications/Unity/Hub/Editor/2021.3.8f1/Unity.app/Contents/MonoBleedingEdge/etc'
Using monoOptions --debugger-agent=transport=dt_socket,embedding=1,server=y,suspend=n,address=127.0.0.1:56650
Begin MonoManager ReloadAssembly
Registering precompiled unity dll's ...
Register platform support module: /Applications/Unity/Hub/Editor/2021.3.8f1/PlaybackEngines/WebGLSupport/UnityEditor.WebGL.Extensions.dll
Register platform support module: /Applications/Unity/Hub/Editor/2021.3.8f1/Unity.app/Contents/PlaybackEngines/MacStandaloneSupport/UnityEditor.OSXStandalone.Extensions.dll
Register platform support module: /Applications/Unity/Hub/Editor/2021.3.8f1/PlaybackEngines/WindowsStandaloneSupport/UnityEditor.WindowsStandalone.Extensions.dll
Registered in 0.001481 seconds.
Native extension for WindowsStandalone target not found
Native extension for OSXStandalone target not found
Native extension for WebGL target not found
Refreshing native plugins compatible for Editor in 150.46 ms, found 3 plugins.
Preloading 0 native plugins for Editor in 0.00 ms.
Mono: successfully reloaded assembly
- Completed reload, in  1.336 seconds
Domain Reload Profiling:
	ReloadAssembly (1337ms)
		BeginReloadAssembly (152ms)
			ExecutionOrderSort (0ms)
			DisableScriptedObjects (0ms)
			BackupInstance (0ms)
			ReleaseScriptingObjects (0ms)
			CreateAndSetChildDomain (2ms)
		EndReloadAssembly (998ms)
			LoadAssemblies (151ms)
			RebuildTransferFunctionScriptingTraits (0ms)
			SetupTypeCache (92ms)
			ReleaseScriptCaches (0ms)
			RebuildScriptCaches (28ms)
			SetupLoadedEditorAssemblies (763ms)
				LogAssemblyErrors (0ms)
				InitializePlatformSupportModulesInManaged (20ms)
				SetLoadedEditorAssemblies (0ms)
				RefreshPlugins (150ms)
				BeforeProcessingInitializeOnLoad (3ms)
				ProcessInitializeOnLoadAttributes (432ms)
				ProcessInitializeOnLoadMethodAttributes (157ms)
				AfterProcessingInitializeOnLoad (0ms)
				EditorAssembliesLoaded (0ms)
			ExecutionOrderSort2 (0ms)
			AwakeInstancesAfterBackupRestoration (0ms)
Platform modules already initialized, skipping
Registering precompiled user dll's ...
Registered in 0.266617 seconds.
