Unity Editor version:    2021.3.8f1 (b30333d56e81)
Branch:                  2021.3/staging
Build type:              Release
Batch mode:              YES
macOS version:           Version 12.5.1 (Build 21G83)
Darwin version:          21.6.0
Architecture:            x86_64
Running under Rosetta:   YES
Available memory:        8192 MB
Using pre-set license
Pro License: YES

COMMAND LINE ARGUMENTS:
/Applications/Unity/Hub/Editor/2021.3.8f1/Unity.app/Contents/MacOS/Unity
-adb2
-batchMode
-noUpm
-name
AssetImportWorker367
-projectPath
/Volumes/X-FILES/GitHub/Snow-Board-Game/Snow-Board
-logFile
Logs/AssetImportWorker367.log
-srvPort
52699
Successfully changed project path to: /Volumes/X-FILES/GitHub/Snow-Board-Game/Snow-Board
/Volumes/X-FILES/GitHub/Snow-Board-Game/Snow-Board
[UnityMemory] Configuration Parameters - Can be set up in boot.config
    "memorysetup-bucket-allocator-granularity=16"
    "memorysetup-bucket-allocator-bucket-count=8"
    "memorysetup-bucket-allocator-block-size=33554432"
    "memorysetup-bucket-allocator-block-count=8"
    "memorysetup-main-allocator-block-size=16777216"
    "memorysetup-thread-allocator-block-size=16777216"
    "memorysetup-gfx-main-allocator-block-size=16777216"
    "memorysetup-gfx-thread-allocator-block-size=16777216"
    "memorysetup-cache-allocator-block-size=4194304"
    "memorysetup-typetree-allocator-block-size=2097152"
    "memorysetup-profiler-bucket-allocator-granularity=16"
    "memorysetup-profiler-bucket-allocator-bucket-count=8"
    "memorysetup-profiler-bucket-allocator-block-size=33554432"
    "memorysetup-profiler-bucket-allocator-block-count=8"
    "memorysetup-profiler-allocator-block-size=16777216"
    "memorysetup-profiler-editor-allocator-block-size=1048576"
    "memorysetup-temp-allocator-size-main=16777216"
    "memorysetup-job-temp-allocator-block-size=2097152"
    "memorysetup-job-temp-allocator-block-size-background=1048576"
    "memorysetup-job-temp-allocator-reduction-small-platforms=262144"
    "memorysetup-temp-allocator-size-background-worker=32768"
    "memorysetup-temp-allocator-size-job-worker=262144"
    "memorysetup-temp-allocator-size-preload-manager=33554432"
    "memorysetup-temp-allocator-size-nav-mesh-worker=65536"
    "memorysetup-temp-allocator-size-audio-worker=65536"
    "memorysetup-temp-allocator-size-cloud-worker=32768"
    "memorysetup-temp-allocator-size-gi-baking-worker=262144"
    "memorysetup-temp-allocator-size-gfx=262144"
mdb reader table full -> cleaning up stale readers. Current readers:
    pid     thread     txnid
     40926 2091ee600 -
     40926 314601000 -
     40926 3124b5000 -
     42674 206bc9600 -
     42692 2087d5600 -
     42690 206668600 -
     42719 20a741600 -
     42717 206aa8600 -
     42742 20b1f1600 -
     42740 20aa33600 -
     42792 207217600 -
     42790 208a64600 -
     42804 20a800600 -
     42802 20abaa600 -
     42818 20855e600 -
     42816 206fd1600 -
     42830 206ca9600 -
     42832 207094600 -
     42847 206ddb600 -
     42845 20a9eb600 -
     42861 209267600 -
     42863 20afe9600 -
     42875 206756600 -
     42877 206984600 -
     42897 2085ba600 -
     42899 206745600 -
     42918 2063c4600 -
     42920 20861c600 -
     42941 20696c600 -
     42943 20a9b7600 -
     42997 206821600 -
     42999 208609600 -
     43025 2068b0600 -
     43027 208deb600 -
     43049 20923a600 -
     43047 20ab23600 -
     43093 209276600 -
     43095 206bbf600 -
     43119 20900c600 -
     43117 208aef600 -
     43138 20867c600 -
     43136 2092b0600 -
     43194 20b404600 -
     43196 207276600 -
     43221 209232600 -
     43219 206aa3600 -
     43243 2070ee600 -
     43241 206886600 -
     43265 208eae600 -
     43263 20ae15600 -
     43289 20667d600 -
     43291 209096600 -
     43351 209144600 -
     43353 20a55d600 -
     43372 2091c4600 -
     43374 20a937600 -
     43398 20addb600 -
     43396 20739f600 -
     43410 209211600 -
     43412 20b3c0600 -
     43420 20a823600 -
     43422 20ad2f600 -
     43448 20adcb600 -
     43450 208fab600 -
     43462 20a635600 -
     43460 208489600 -
     43482 207338600 -
     43480 208d4b600 -
     43497 206a4a600 -
     43499 2072f2600 -
     43515 20867d600 -
     43517 20a4f2600 -
     43527 20a905600 -
     43525 206b7d600 -
     43545 208500600 -
     43547 208764600 -
     43573 208531600 -
     43575 206c82600 -
     43587 20854f600 -
     43589 206d8a600 -
     43601 206a86600 -
     43603 207292600 -
     43614 207368600 -
     43616 20a4a2600 -
     43628 206b98600 -
     43626 208d50600 -
     43639 20666d600 -
     43641 20712d600 -
     43656 208605600 -
     43658 20aced600 -
     43669 206bb8600 -
     43671 208588600 -
     43682 206a7e600 -
     43684 2070f5600 -
     43698 20904a600 -
     43696 2065de600 -
     43706 20a792600 -
     43708 20a540600 -
     43718 208f42600 -
     43716 206cbf600 -
     43728 2093e9600 -
     43726 2087ee600 -
     43738 20672a600 -
     43736 206688600 -
     43746 20658e600 -
     43748 206832600 -
     43761 208d89600 -
     43763 206851600 -
     43773 206e5f600 -
     43775 2070be600 -
     43786 208e3b600 -
     43784 20abf5600 -
     43795 20b209600 -
     43797 20ad37600 -
     43807 208417600 -
     43809 206976600 -
     43818 208ec5600 -
     43820 207060600 -
     43829 20677a600 -
     43831 206a5e600 -
     43842 2067bf600 -
     43844 206ec5600 -
     43871 20a548600 -
     43867 208593600 -
     42672 2070f8600 -
     43885 209044600 480
Cleaned out 122 stale readers
Refreshing native plugins compatible for Editor in 461.36 ms, found 3 plugins.
Preloading 0 native plugins for Editor in 0.00 ms.
Initialize engine version: 2021.3.8f1 (b30333d56e81)
[Subsystems] Discovering subsystems at path /Applications/Unity/Hub/Editor/2021.3.8f1/Unity.app/Contents/Resources/UnitySubsystems
[Subsystems] Discovering subsystems at path /Volumes/X-FILES/GitHub/Snow-Board-Game/Snow-Board/Assets
GfxDevice: creating device client; threaded=0; jobified=0
 preferred device: Apple M2 (high power)
Metal devices available: 1
0: Apple M2 (high power)
Using device Apple M2 (high power)
Initializing Metal device caps: Apple M2
Initialize mono
Mono path[0] = '/Applications/Unity/Hub/Editor/2021.3.8f1/Unity.app/Contents/Managed'
Mono path[1] = '/Applications/Unity/Hub/Editor/2021.3.8f1/Unity.app/Contents/MonoBleedingEdge/lib/mono/unityjit-macos'
Mono config path = '/Applications/Unity/Hub/Editor/2021.3.8f1/Unity.app/Contents/MonoBleedingEdge/etc'
Using monoOptions --debugger-agent=transport=dt_socket,embedding=1,server=y,suspend=n,address=127.0.0.1:56889
Begin MonoManager ReloadAssembly
Registering precompiled unity dll's ...
Register platform support module: /Applications/Unity/Hub/Editor/2021.3.8f1/PlaybackEngines/WebGLSupport/UnityEditor.WebGL.Extensions.dll
Register platform support module: /Applications/Unity/Hub/Editor/2021.3.8f1/Unity.app/Contents/PlaybackEngines/MacStandaloneSupport/UnityEditor.OSXStandalone.Extensions.dll
Register platform support module: /Applications/Unity/Hub/Editor/2021.3.8f1/PlaybackEngines/WindowsStandaloneSupport/UnityEditor.WindowsStandalone.Extensions.dll
Registered in 0.000869 seconds.
Native extension for WindowsStandalone target not found
Native extension for OSXStandalone target not found
Native extension for WebGL target not found
Refreshing native plugins compatible for Editor in 86.29 ms, found 3 plugins.
Preloading 0 native plugins for Editor in 0.00 ms.
Mono: successfully reloaded assembly
- Completed reload, in  1.307 seconds
Domain Reload Profiling:
	ReloadAssembly (1308ms)
		BeginReloadAssembly (158ms)
			ExecutionOrderSort (0ms)
			DisableScriptedObjects (0ms)
			BackupInstance (0ms)
			ReleaseScriptingObjects (0ms)
			CreateAndSetChildDomain (2ms)
		EndReloadAssembly (963ms)
			LoadAssemblies (158ms)
			RebuildTransferFunctionScriptingTraits (0ms)
			SetupTypeCache (97ms)
			ReleaseScriptCaches (0ms)
			RebuildScriptCaches (28ms)
			SetupLoadedEditorAssemblies (704ms)
				LogAssemblyErrors (0ms)
				InitializePlatformSupportModulesInManaged (21ms)
				SetLoadedEditorAssemblies (0ms)
				RefreshPlugins (86ms)
				BeforeProcessingInitializeOnLoad (3ms)
				ProcessInitializeOnLoadAttributes (428ms)
				ProcessInitializeOnLoadMethodAttributes (166ms)
				AfterProcessingInitializeOnLoad (0ms)
				EditorAssembliesLoaded (0ms)
			ExecutionOrderSort2 (0ms)
			AwakeInstancesAfterBackupRestoration (0ms)
Platform modules already initialized, skipping
Registering precompiled user dll's ...
Registered in 0.271967 seconds.
