Unity Editor version:    2021.3.8f1 (b30333d56e81)
Branch:                  2021.3/staging
Build type:              Release
Batch mode:              YES
macOS version:           Version 12.5.1 (Build 21G83)
Darwin version:          21.6.0
Architecture:            x86_64
Running under Rosetta:   YES
Available memory:        8192 MB
Using pre-set license
Pro License: YES

COMMAND LINE ARGUMENTS:
/Applications/Unity/Hub/Editor/2021.3.8f1/Unity.app/Contents/MacOS/Unity
-adb2
-batchMode
-noUpm
-name
AssetImportWorker497
-projectPath
/Volumes/X-FILES/GitHub/Snow-Board-Game/Snow-Board
-logFile
Logs/AssetImportWorker497.log
-srvPort
52767
Successfully changed project path to: /Volumes/X-FILES/GitHub/Snow-Board-Game/Snow-Board
/Volumes/X-FILES/GitHub/Snow-Board-Game/Snow-Board
[UnityMemory] Configuration Parameters - Can be set up in boot.config
    "memorysetup-bucket-allocator-granularity=16"
    "memorysetup-bucket-allocator-bucket-count=8"
    "memorysetup-bucket-allocator-block-size=33554432"
    "memorysetup-bucket-allocator-block-count=8"
    "memorysetup-main-allocator-block-size=16777216"
    "memorysetup-thread-allocator-block-size=16777216"
    "memorysetup-gfx-main-allocator-block-size=16777216"
    "memorysetup-gfx-thread-allocator-block-size=16777216"
    "memorysetup-cache-allocator-block-size=4194304"
    "memorysetup-typetree-allocator-block-size=2097152"
    "memorysetup-profiler-bucket-allocator-granularity=16"
    "memorysetup-profiler-bucket-allocator-bucket-count=8"
    "memorysetup-profiler-bucket-allocator-block-size=33554432"
    "memorysetup-profiler-bucket-allocator-block-count=8"
    "memorysetup-profiler-allocator-block-size=16777216"
    "memorysetup-profiler-editor-allocator-block-size=1048576"
    "memorysetup-temp-allocator-size-main=16777216"
    "memorysetup-job-temp-allocator-block-size=2097152"
    "memorysetup-job-temp-allocator-block-size-background=1048576"
    "memorysetup-job-temp-allocator-reduction-small-platforms=262144"
    "memorysetup-temp-allocator-size-background-worker=32768"
    "memorysetup-temp-allocator-size-job-worker=262144"
    "memorysetup-temp-allocator-size-preload-manager=33554432"
    "memorysetup-temp-allocator-size-nav-mesh-worker=65536"
    "memorysetup-temp-allocator-size-audio-worker=65536"
    "memorysetup-temp-allocator-size-cloud-worker=32768"
    "memorysetup-temp-allocator-size-gi-baking-worker=262144"
    "memorysetup-temp-allocator-size-gfx=262144"
mdb reader table full -> cleaning up stale readers. Current readers:
    pid     thread     txnid
     25631 206b5c600 -
     27538 20aecb600 -
     25631 30d7d9000 -
     27540 207136600 -
     27544 2070b7600 -
     27546 20919b600 -
     27552 208f9b600 -
     27550 20708b600 -
     27573 20b3e3600 -
     27575 209055600 -
     27579 20700e600 -
     27577 20943e600 -
     27586 20b418600 -
     27584 20928e600 -
     27589 20a871600 -
     27591 208b59600 -
     27593 2070e4600 -
     27595 2089ca600 -
     27597 20a71c600 -
     27599 206f6f600 -
     27601 206f5f600 -
     27603 209003600 -
     27608 20688c600 -
     27606 208ec7600 -
     27617 20871c600 -
     27619 20aefd600 -
     27631 20a6d8600 -
     27629 206a20600 -
     27647 206b9d600 -
     27645 20a999600 -
     27712 20aba4600 -
     27714 206663600 -
     27726 20af49600 -
     27724 207242600 -
     27741 20a97f600 -
     27739 2086bf600 -
     27752 208d28600 -
     27754 206cdd600 -
     27789 20a638600 -
     27791 206f3a600 -
     27825 20a7f5600 -
     27827 20a3d6600 -
     27832 20acae600 -
     27830 208dac600 -
     27837 20906e600 -
     27835 20b28f600 -
     27847 20711d600 -
     27849 2067e5600 -
     27860 20a77b600 -
     27862 20b049600 -
     27885 208e09600 -
     27887 20aa66600 -
     27933 206f4e600 -
     27931 208bc2600 -
     27964 206f69600 -
     27962 20adda600 -
     27974 2071a8600 -
     27976 20b290600 -
     27986 20b297600 -
     27984 20b16f600 -
     27990 20645d600 -
     27992 206742600 -
     27997 20885c600 -
     27995 2068ae600 -
     28016 20711b600 -
     28018 20b48a600 -
     28020 2069d3600 -
     28022 208c2f600 -
     28028 20a563600 -
     28030 207095600 -
     28046 206d92600 -
     28044 208c15600 -
     28055 2082e8600 -
     28053 20a326600 -
     28061 206b09600 -
     28059 20af77600 -
     28069 20a2c5600 -
     28067 206b5f600 -
     28077 20657f600 -
     28075 20864c600 -
     28086 206dbc600 -
     28088 208e7f600 -
     28093 208b07600 -
     28095 20b1c9600 -
     28101 2068ff600 -
     28099 2066b2600 -
     28106 206d70600 -
     28108 20ae85600 -
     28119 2064dd600 -
     28117 20a68f600 -
     28127 2087bc600 -
     28125 208538600 -
     28139 20a20d600 -
     28137 20634b600 -
     28145 206910600 -
     28147 20ab38600 -
     28153 20b239600 -
     28155 206862600 -
     28157 20ae07600 -
     28159 20a9bc600 -
     28169 20ae5b600 -
     28171 20a9c2600 -
     28179 20ab50600 -
     28181 20913d600 -
     28187 20696a600 -
     28189 207328600 -
     28196 2085f1600 -
     28198 206ae5600 -
     28204 208c4f600 -
     28206 209092600 -
     28230 20652b600 -
     28228 2088d0600 -
     28236 206542600 -
     28238 20ac37600 -
     28244 20a67a600 -
     28246 206fe1600 -
     28253 207128600 -
     28255 208b8e600 -
     28260 20aaab600 -
     28258 20b266600 -
     28273 208a84600 -
     28271 2064d4600 -
     28304 20afac600 -
     28306 20b01a600 -
     28315 208603600 -
     28317 208863600 -
Cleaned out 124 stale readers
Refreshing native plugins compatible for Editor in 534.19 ms, found 3 plugins.
Preloading 0 native plugins for Editor in 0.00 ms.
Initialize engine version: 2021.3.8f1 (b30333d56e81)
[Subsystems] Discovering subsystems at path /Applications/Unity/Hub/Editor/2021.3.8f1/Unity.app/Contents/Resources/UnitySubsystems
[Subsystems] Discovering subsystems at path /Volumes/X-FILES/GitHub/Snow-Board-Game/Snow-Board/Assets
GfxDevice: creating device client; threaded=0; jobified=0
 preferred device: Apple M2 (high power)
Metal devices available: 1
0: Apple M2 (high power)
Using device Apple M2 (high power)
Initializing Metal device caps: Apple M2
Initialize mono
Mono path[0] = '/Applications/Unity/Hub/Editor/2021.3.8f1/Unity.app/Contents/Managed'
Mono path[1] = '/Applications/Unity/Hub/Editor/2021.3.8f1/Unity.app/Contents/MonoBleedingEdge/lib/mono/unityjit-macos'
Mono config path = '/Applications/Unity/Hub/Editor/2021.3.8f1/Unity.app/Contents/MonoBleedingEdge/etc'
Using monoOptions --debugger-agent=transport=dt_socket,embedding=1,server=y,suspend=n,address=127.0.0.1:56329
Begin MonoManager ReloadAssembly
Registering precompiled unity dll's ...
Register platform support module: /Applications/Unity/Hub/Editor/2021.3.8f1/PlaybackEngines/WebGLSupport/UnityEditor.WebGL.Extensions.dll
Register platform support module: /Applications/Unity/Hub/Editor/2021.3.8f1/Unity.app/Contents/PlaybackEngines/MacStandaloneSupport/UnityEditor.OSXStandalone.Extensions.dll
Register platform support module: /Applications/Unity/Hub/Editor/2021.3.8f1/PlaybackEngines/WindowsStandaloneSupport/UnityEditor.WindowsStandalone.Extensions.dll
Registered in 0.002102 seconds.
Native extension for WindowsStandalone target not found
Native extension for OSXStandalone target not found
Native extension for WebGL target not found
Refreshing native plugins compatible for Editor in 92.79 ms, found 3 plugins.
Preloading 0 native plugins for Editor in 0.00 ms.
Mono: successfully reloaded assembly
- Completed reload, in  1.218 seconds
Domain Reload Profiling:
	ReloadAssembly (1218ms)
		BeginReloadAssembly (133ms)
			ExecutionOrderSort (0ms)
			DisableScriptedObjects (0ms)
			BackupInstance (0ms)
			ReleaseScriptingObjects (0ms)
			CreateAndSetChildDomain (2ms)
		EndReloadAssembly (913ms)
			LoadAssemblies (133ms)
			RebuildTransferFunctionScriptingTraits (0ms)
			SetupTypeCache (89ms)
			ReleaseScriptCaches (0ms)
			RebuildScriptCaches (29ms)
			SetupLoadedEditorAssemblies (674ms)
				LogAssemblyErrors (0ms)
				InitializePlatformSupportModulesInManaged (21ms)
				SetLoadedEditorAssemblies (0ms)
				RefreshPlugins (93ms)
				BeforeProcessingInitializeOnLoad (2ms)
				ProcessInitializeOnLoadAttributes (404ms)
				ProcessInitializeOnLoadMethodAttributes (153ms)
				AfterProcessingInitializeOnLoad (0ms)
				EditorAssembliesLoaded (0ms)
			ExecutionOrderSort2 (0ms)
			AwakeInstancesAfterBackupRestoration (0ms)
Platform modules already initialized, skipping
Registering precompiled user dll's ...
Registered in 0.262579 seconds.
