Unity Editor version:    2021.3.8f1 (b30333d56e81)
Branch:                  2021.3/staging
Build type:              Release
Batch mode:              YES
macOS version:           Version 12.5.1 (Build 21G83)
Darwin version:          21.6.0
Architecture:            x86_64
Running under Rosetta:   YES
Available memory:        8192 MB
Using pre-set license
Pro License: YES

COMMAND LINE ARGUMENTS:
/Applications/Unity/Hub/Editor/2021.3.8f1/Unity.app/Contents/MacOS/Unity
-adb2
-batchMode
-noUpm
-name
AssetImportWorker125
-projectPath
/Volumes/X-FILES/GitHub/Snow-Board-Game/Snow-Board
-logFile
Logs/AssetImportWorker125.log
-srvPort
52767
Successfully changed project path to: /Volumes/X-FILES/GitHub/Snow-Board-Game/Snow-Board
/Volumes/X-FILES/GitHub/Snow-Board-Game/Snow-Board
[UnityMemory] Configuration Parameters - Can be set up in boot.config
    "memorysetup-bucket-allocator-granularity=16"
    "memorysetup-bucket-allocator-bucket-count=8"
    "memorysetup-bucket-allocator-block-size=33554432"
    "memorysetup-bucket-allocator-block-count=8"
    "memorysetup-main-allocator-block-size=16777216"
    "memorysetup-thread-allocator-block-size=16777216"
    "memorysetup-gfx-main-allocator-block-size=16777216"
    "memorysetup-gfx-thread-allocator-block-size=16777216"
    "memorysetup-cache-allocator-block-size=4194304"
    "memorysetup-typetree-allocator-block-size=2097152"
    "memorysetup-profiler-bucket-allocator-granularity=16"
    "memorysetup-profiler-bucket-allocator-bucket-count=8"
    "memorysetup-profiler-bucket-allocator-block-size=33554432"
    "memorysetup-profiler-bucket-allocator-block-count=8"
    "memorysetup-profiler-allocator-block-size=16777216"
    "memorysetup-profiler-editor-allocator-block-size=1048576"
    "memorysetup-temp-allocator-size-main=16777216"
    "memorysetup-job-temp-allocator-block-size=2097152"
    "memorysetup-job-temp-allocator-block-size-background=1048576"
    "memorysetup-job-temp-allocator-reduction-small-platforms=262144"
    "memorysetup-temp-allocator-size-background-worker=32768"
    "memorysetup-temp-allocator-size-job-worker=262144"
    "memorysetup-temp-allocator-size-preload-manager=33554432"
    "memorysetup-temp-allocator-size-nav-mesh-worker=65536"
    "memorysetup-temp-allocator-size-audio-worker=65536"
    "memorysetup-temp-allocator-size-cloud-worker=32768"
    "memorysetup-temp-allocator-size-gi-baking-worker=262144"
    "memorysetup-temp-allocator-size-gfx=262144"
mdb reader table full -> cleaning up stale readers. Current readers:
    pid     thread     txnid
     25631 206b5c600 -
     25846 2062fc600 -
     25631 30d7d9000 -
     25665 20ac51600 -
     25667 208856600 -
     25695 20a51f600 -
     25693 20b31a600 -
     25701 206990600 -
     25703 2069da600 -
     25711 208fe6600 -
     25713 20853b600 -
     25719 20ac4e600 -
     25721 20ac55600 -
     25728 206933600 -
     25726 208d23600 -
     25730 206c6c600 -
     25732 206fc9600 -
     25734 206591600 -
     25736 20b380600 -
     25739 208e79600 -
     25741 206614600 -
     25745 20a78a600 -
     25747 208514600 -
     25749 208720600 -
     25751 208f06600 -
     25753 208eeb600 -
     25755 2065a1600 -
     25765 206861600 -
     25763 20ab45600 -
     25844 208638600 -
     25867 2092f9600 -
     25869 20898a600 -
     25880 208da2600 -
     25882 20833f600 -
     25884 2074d3600 -
     25886 20ad50600 -
     25892 20ab99600 -
     25890 2062bb600 -
     25897 20a5f7600 -
     25895 20a8c6600 -
     25920 20a47c600 -
     25922 206a94600 -
     25950 2093ea600 -
     25952 208ed8600 -
     25979 206fcb600 -
     25977 20913f600 -
     26024 20aeb9600 -
     26022 207225600 -
     26071 20aa09600 -
     26069 20918c600 -
     26100 2092eb600 -
     26098 20675c600 -
     26110 2092fe600 -
     26108 20900d600 -
     26147 2087b4600 -
     26149 2088fe600 -
     26153 2065db600 -
     26151 20a29c600 -
     26157 208bb6600 -
     26159 208eb9600 -
     26166 20b0b2600 -
     26168 206ed8600 -
     26174 20af5b600 -
     26176 20af06600 -
     26198 2083d4600 -
     26196 20aec8600 -
     26217 2062d1600 -
     26219 20ab4f600 -
     26236 208e3b600 -
     26234 2069ca600 -
     26269 20a3c7600 -
     26267 206824600 -
     26282 208b8c600 -
     26280 20a8b4600 -
     26299 2069f1600 -
     26297 206a81600 -
     26316 206e97600 -
     26318 206631600 -
     26325 208616600 -
     26323 2066b5600 -
     26360 2064bd600 -
     26358 20ab37600 -
     26384 206fed600 -
     26382 208cf3600 -
     26390 20b3cb600 -
     26392 20a5df600 -
     26406 208d7b600 -
     26404 20aa39600 -
     26409 20a6ad600 -
     26411 209454600 -
     26413 2071e1600 -
     26415 20a635600 -
     26417 208cce600 -
     26419 20aaeb600 -
     26424 206798600 -
     26422 208c89600 -
     26426 208e0b600 -
     26428 206e43600 -
     26432 206c5e600 -
     26430 20911d600 -
     26438 208809600 -
     26436 207381600 -
     26440 206b25600 -
     26442 2066f6600 -
     26448 20859d600 -
     26450 20a5a7600 -
     26455 20b50d600 -
     26457 208fe1600 -
     26461 206920600 -
     26459 208a40600 -
     26480 209103600 -
     26482 206ad6600 -
     26485 2084c5600 -
     26487 20a643600 -
     26492 208970600 -
     26490 208ee0600 -
     26496 208dbe600 -
     26498 207017600 -
     26502 208c44600 -
     26504 208fc6600 -
     26509 20888b600 -
     26511 2093fe600 -
     26521 2064c9600 -
     26523 20a698600 -
     26529 208e80600 -
     26527 2072b8600 -
Cleaned out 124 stale readers
mdb reader table full -> cleaning up stale readers. Current readers:
    pid     thread     txnid
     25631 206b5c600 -
     25846 2062fc600 -
     25667 208856600 -
     25665 20ac51600 -
     25695 20a51f600 -
     25693 20b31a600 -
     25703 2069da600 -
     25701 206990600 -
     25713 20853b600 -
     25711 208fe6600 -
     25719 20ac4e600 -
     25721 20ac55600 -
     25728 206933600 -
     25726 208d23600 -
     25730 206c6c600 -
     25732 206fc9600 -
     25736 20b380600 -
     25734 206591600 -
     25739 208e79600 -
     25741 206614600 -
     25747 208514600 -
     25745 20a78a600 -
     25749 208720600 -
     25751 208f06600 -
     25755 2065a1600 -
     25753 208eeb600 -
     25763 20ab45600 -
     25765 206861600 -
     25844 208638600 -
     25869 20898a600 -
     25867 2092f9600 -
     25882 20833f600 -
     25880 208da2600 -
     25886 20ad50600 -
     25884 2074d3600 -
     25890 2062bb600 -
     25892 20ab99600 -
     25897 20a5f7600 -
     25895 20a8c6600 -
     25922 206a94600 -
     25920 20a47c600 -
     25950 2093ea600 -
     25952 208ed8600 -
     25977 20913f600 -
     25979 206fcb600 -
     26022 207225600 -
     26024 20aeb9600 -
     26071 20aa09600 -
     26069 20918c600 -
     26098 20675c600 -
     26100 2092eb600 -
     26110 2092fe600 -
     26108 20900d600 -
     26149 2088fe600 -
     26147 2087b4600 -
     26153 2065db600 -
     26151 20a29c600 -
     26157 208bb6600 -
     26159 208eb9600 -
     26168 206ed8600 -
     26166 20b0b2600 -
     26174 20af5b600 -
     26176 20af06600 -
     26198 2083d4600 -
     26196 20aec8600 -
     26219 20ab4f600 -
     26217 2062d1600 -
     26234 2069ca600 -
     26236 208e3b600 -
     26267 206824600 -
     26269 20a3c7600 -
     26282 208b8c600 -
     26280 20a8b4600 -
     26299 2069f1600 -
     26297 206a81600 -
     26316 206e97600 8398
     26318 206631600 8398
     26325 208616600 -
     26323 2066b5600 -
     26358 20ab37600 -
     26360 2064bd600 -
     26384 206fed600 -
     26382 208cf3600 -
     26390 20b3cb600 -
     26392 20a5df600 -
     26404 20aa39600 -
     26406 208d7b600 -
     26411 209454600 -
     26409 20a6ad600 -
     26415 20a635600 -
     26413 2071e1600 -
     26417 208cce600 -
     26419 20aaeb600 -
     26422 208c89600 -
     26424 206798600 -
     26428 206e43600 -
     26426 208e0b600 -
     26432 206c5e600 -
     26430 20911d600 -
     26438 208809600 -
     26436 207381600 -
     26440 206b25600 -
     26442 2066f6600 -
     26448 20859d600 -
     26450 20a5a7600 -
     26457 208fe1600 -
     26455 20b50d600 -
     26459 208a40600 -
     26461 206920600 -
     26480 209103600 -
     26482 206ad6600 -
     26485 2084c5600 -
     26487 20a643600 -
     26490 208ee0600 -
     26492 208970600 -
     26496 208dbe600 -
     26498 207017600 -
     26502 208c44600 -
     26504 208fc6600 -
     26509 20888b600 -
     26511 2093fe600 -
     26521 2064c9600 -
     26523 20a698600 -
     26529 208e80600 -
     26527 2072b8600 -
     26537 208d01600 8448
Cleaned out 124 stale readers
Refreshing native plugins compatible for Editor in 471.46 ms, found 3 plugins.
Preloading 0 native plugins for Editor in 0.00 ms.
Initialize engine version: 2021.3.8f1 (b30333d56e81)
[Subsystems] Discovering subsystems at path /Applications/Unity/Hub/Editor/2021.3.8f1/Unity.app/Contents/Resources/UnitySubsystems
[Subsystems] Discovering subsystems at path /Volumes/X-FILES/GitHub/Snow-Board-Game/Snow-Board/Assets
GfxDevice: creating device client; threaded=0; jobified=0
 preferred device: Apple M2 (high power)
Metal devices available: 1
0: Apple M2 (high power)
Using device Apple M2 (high power)
Initializing Metal device caps: Apple M2
Initialize mono
Mono path[0] = '/Applications/Unity/Hub/Editor/2021.3.8f1/Unity.app/Contents/Managed'
Mono path[1] = '/Applications/Unity/Hub/Editor/2021.3.8f1/Unity.app/Contents/MonoBleedingEdge/lib/mono/unityjit-macos'
Mono config path = '/Applications/Unity/Hub/Editor/2021.3.8f1/Unity.app/Contents/MonoBleedingEdge/etc'
Using monoOptions --debugger-agent=transport=dt_socket,embedding=1,server=y,suspend=n,address=127.0.0.1:56539
Begin MonoManager ReloadAssembly
Registering precompiled unity dll's ...
Register platform support module: /Applications/Unity/Hub/Editor/2021.3.8f1/PlaybackEngines/WebGLSupport/UnityEditor.WebGL.Extensions.dll
Register platform support module: /Applications/Unity/Hub/Editor/2021.3.8f1/Unity.app/Contents/PlaybackEngines/MacStandaloneSupport/UnityEditor.OSXStandalone.Extensions.dll
Register platform support module: /Applications/Unity/Hub/Editor/2021.3.8f1/PlaybackEngines/WindowsStandaloneSupport/UnityEditor.WindowsStandalone.Extensions.dll
Registered in 0.002756 seconds.
Native extension for WindowsStandalone target not found
Native extension for OSXStandalone target not found
Native extension for WebGL target not found
Refreshing native plugins compatible for Editor in 88.17 ms, found 3 plugins.
Preloading 0 native plugins for Editor in 0.00 ms.
Mono: successfully reloaded assembly
- Completed reload, in  1.238 seconds
Domain Reload Profiling:
	ReloadAssembly (1239ms)
		BeginReloadAssembly (135ms)
			ExecutionOrderSort (0ms)
			DisableScriptedObjects (0ms)
			BackupInstance (0ms)
			ReleaseScriptingObjects (0ms)
			CreateAndSetChildDomain (2ms)
		EndReloadAssembly (917ms)
			LoadAssemblies (135ms)
			RebuildTransferFunctionScriptingTraits (0ms)
			SetupTypeCache (87ms)
			ReleaseScriptCaches (0ms)
			RebuildScriptCaches (27ms)
			SetupLoadedEditorAssemblies (675ms)
				LogAssemblyErrors (0ms)
				InitializePlatformSupportModulesInManaged (21ms)
				SetLoadedEditorAssemblies (1ms)
				RefreshPlugins (88ms)
				BeforeProcessingInitializeOnLoad (2ms)
				ProcessInitializeOnLoadAttributes (416ms)
				ProcessInitializeOnLoadMethodAttributes (146ms)
				AfterProcessingInitializeOnLoad (0ms)
				EditorAssembliesLoaded (0ms)
			ExecutionOrderSort2 (0ms)
			AwakeInstancesAfterBackupRestoration (0ms)
Platform modules already initialized, skipping
Registering precompiled user dll's ...
Registered in 0.287448 seconds.
