Unity Editor version:    2021.3.8f1 (b30333d56e81)
Branch:                  2021.3/staging
Build type:              Release
Batch mode:              YES
macOS version:           Version 12.5.1 (Build 21G83)
Darwin version:          21.6.0
Architecture:            x86_64
Running under Rosetta:   YES
Available memory:        8192 MB
Using pre-set license
Pro License: YES

COMMAND LINE ARGUMENTS:
/Applications/Unity/Hub/Editor/2021.3.8f1/Unity.app/Contents/MacOS/Unity
-adb2
-batchMode
-noUpm
-name
AssetImportWorker249
-projectPath
/Volumes/X-FILES/GitHub/Snow-Board-Game/Snow-Board
-logFile
Logs/AssetImportWorker249.log
-srvPort
54816
Successfully changed project path to: /Volumes/X-FILES/GitHub/Snow-Board-Game/Snow-Board
/Volumes/X-FILES/GitHub/Snow-Board-Game/Snow-Board
[UnityMemory] Configuration Parameters - Can be set up in boot.config
    "memorysetup-bucket-allocator-granularity=16"
    "memorysetup-bucket-allocator-bucket-count=8"
    "memorysetup-bucket-allocator-block-size=33554432"
    "memorysetup-bucket-allocator-block-count=8"
    "memorysetup-main-allocator-block-size=16777216"
    "memorysetup-thread-allocator-block-size=16777216"
    "memorysetup-gfx-main-allocator-block-size=16777216"
    "memorysetup-gfx-thread-allocator-block-size=16777216"
    "memorysetup-cache-allocator-block-size=4194304"
    "memorysetup-typetree-allocator-block-size=2097152"
    "memorysetup-profiler-bucket-allocator-granularity=16"
    "memorysetup-profiler-bucket-allocator-bucket-count=8"
    "memorysetup-profiler-bucket-allocator-block-size=33554432"
    "memorysetup-profiler-bucket-allocator-block-count=8"
    "memorysetup-profiler-allocator-block-size=16777216"
    "memorysetup-profiler-editor-allocator-block-size=1048576"
    "memorysetup-temp-allocator-size-main=16777216"
    "memorysetup-job-temp-allocator-block-size=2097152"
    "memorysetup-job-temp-allocator-block-size-background=1048576"
    "memorysetup-job-temp-allocator-reduction-small-platforms=262144"
    "memorysetup-temp-allocator-size-background-worker=32768"
    "memorysetup-temp-allocator-size-job-worker=262144"
    "memorysetup-temp-allocator-size-preload-manager=33554432"
    "memorysetup-temp-allocator-size-nav-mesh-worker=65536"
    "memorysetup-temp-allocator-size-audio-worker=65536"
    "memorysetup-temp-allocator-size-cloud-worker=32768"
    "memorysetup-temp-allocator-size-gi-baking-worker=262144"
    "memorysetup-temp-allocator-size-gfx=262144"
mdb reader table full -> cleaning up stale readers. Current readers:
    pid     thread     txnid
     31650 20aaf4600 -
     32188 206ff0600 -
     31650 3159e5000 -
     32186 20a718600 -
     32190 208fab600 -
     32192 206f1d600 -
     32196 206fc1600 -
     32194 2086ec600 -
     32200 20a641600 -
     32202 20aa84600 -
     32204 20b127600 -
     32206 20b26c600 -
     32210 206688600 -
     32208 206e99600 -
     32217 206d3e600 -
     32215 20ab10600 -
     32222 20a43e600 -
     32220 206c2c600 -
     32227 2089bc600 -
     32225 20a27f600 -
     32229 206333600 -
     32231 20b182600 -
     32233 20b030600 -
     32235 207330600 -
     32239 20b170600 -
     32241 2061e5600 -
     32245 208b2d600 -
     32243 206cda600 -
     32249 206b2b600 -
     32247 20698e600 -
     32253 206ca7600 -
     32251 20892f600 -
     32258 20ae8f600 -
     32256 20a99d600 -
     32260 20a482600 -
     32262 208b2c600 -
     32264 2070d7600 -
     32266 20ab0c600 -
     32270 208e44600 -
     32268 206a42600 -
     32298 20707b600 -
     32296 2085bb600 -
     32322 20a873600 -
     32320 206dc8600 -
     32328 208985600 -
     32326 20af89600 -
     32330 206312600 -
     32332 2062b7600 -
     32336 206840600 -
     32334 208963600 -
     32340 2085b7600 -
     32338 206410600 -
     32362 2084f1600 -
     32364 20b1be600 -
     32367 20ac9d600 -
     32369 20af6b600 -
     32372 20a8f2600 -
     32374 208798600 -
     32376 2085e4600 -
     32378 206a7f600 -
     32391 20abe9600 -
     32389 208ae7600 -
     32401 208641600 -
     32399 20679f600 -
     32411 208ef3600 -
     32413 20b0b9600 -
     32435 2089cb600 -
     32437 208d2f600 -
     32476 208733600 -
     32478 2086c5600 -
     32482 20704d600 -
     32484 20881d600 -
     32494 20a96a600 -
     32496 2068c1600 -
     32504 20b0d3600 -
     32502 208c4e600 -
     32511 20aaa0600 -
     32513 20a965600 -
     32521 20b430600 -
     32523 20ab29600 -
     32527 20b3d9600 -
     32525 2066cb600 -
     32529 2068c5600 -
     32531 2092ca600 -
     32534 206b37600 -
     32536 2088ca600 -
     32540 207042600 -
     32542 2092e8600 -
     32544 207312600 -
     32546 20a2a0600 -
     32551 206922600 -
     32549 20a79b600 -
     32555 206ce2600 -
     32553 20aa78600 -
     32561 20ac21600 -
     32559 206ecf600 -
     32563 20880b600 -
     32565 2068ef600 -
     32571 2073d8600 -
     32569 20a90e600 -
     32573 208e09600 -
     32575 208e42600 -
     32580 206c8b600 -
     32578 2073a8600 -
     32583 206675600 -
     32585 2065c3600 -
     32587 20721e600 -
     32589 208faa600 -
     32594 206bfe600 -
     32596 2093c1600 -
     32603 20afb6600 -
     32601 20ab39600 -
     32612 206875600 -
     32614 2067a8600 -
     32655 20b30f600 -
     32661 2070e2600 -
     32735 2084bb600 -
     32737 206924600 -
     32744 208943600 -
     32742 209037600 -
     32756 206df8600 -
     32758 2069a4600 -
     32767 20a9d5600 -
     32769 20b27e600 -
     32787 2092a7600 -
     32789 20a8c2600 -
Cleaned out 124 stale readers
Refreshing native plugins compatible for Editor in 376.13 ms, found 3 plugins.
Preloading 0 native plugins for Editor in 0.00 ms.
Initialize engine version: 2021.3.8f1 (b30333d56e81)
[Subsystems] Discovering subsystems at path /Applications/Unity/Hub/Editor/2021.3.8f1/Unity.app/Contents/Resources/UnitySubsystems
[Subsystems] Discovering subsystems at path /Volumes/X-FILES/GitHub/Snow-Board-Game/Snow-Board/Assets
GfxDevice: creating device client; threaded=0; jobified=0
 preferred device: Apple M2 (high power)
Metal devices available: 1
0: Apple M2 (high power)
Using device Apple M2 (high power)
Initializing Metal device caps: Apple M2
Initialize mono
Mono path[0] = '/Applications/Unity/Hub/Editor/2021.3.8f1/Unity.app/Contents/Managed'
Mono path[1] = '/Applications/Unity/Hub/Editor/2021.3.8f1/Unity.app/Contents/MonoBleedingEdge/lib/mono/unityjit-macos'
Mono config path = '/Applications/Unity/Hub/Editor/2021.3.8f1/Unity.app/Contents/MonoBleedingEdge/etc'
Using monoOptions --debugger-agent=transport=dt_socket,embedding=1,server=y,suspend=n,address=127.0.0.1:56796
Begin MonoManager ReloadAssembly
Registering precompiled unity dll's ...
Register platform support module: /Applications/Unity/Hub/Editor/2021.3.8f1/PlaybackEngines/WebGLSupport/UnityEditor.WebGL.Extensions.dll
Register platform support module: /Applications/Unity/Hub/Editor/2021.3.8f1/Unity.app/Contents/PlaybackEngines/MacStandaloneSupport/UnityEditor.OSXStandalone.Extensions.dll
Register platform support module: /Applications/Unity/Hub/Editor/2021.3.8f1/PlaybackEngines/WindowsStandaloneSupport/UnityEditor.WindowsStandalone.Extensions.dll
Registered in 0.000641 seconds.
Native extension for WindowsStandalone target not found
Native extension for OSXStandalone target not found
Native extension for WebGL target not found
Refreshing native plugins compatible for Editor in 95.71 ms, found 3 plugins.
Preloading 0 native plugins for Editor in 0.00 ms.
Mono: successfully reloaded assembly
- Completed reload, in  1.381 seconds
Domain Reload Profiling:
	ReloadAssembly (1382ms)
		BeginReloadAssembly (157ms)
			ExecutionOrderSort (0ms)
			DisableScriptedObjects (0ms)
			BackupInstance (0ms)
			ReleaseScriptingObjects (0ms)
			CreateAndSetChildDomain (2ms)
		EndReloadAssembly (1019ms)
			LoadAssemblies (155ms)
			RebuildTransferFunctionScriptingTraits (0ms)
			SetupTypeCache (101ms)
			ReleaseScriptCaches (0ms)
			RebuildScriptCaches (31ms)
			SetupLoadedEditorAssemblies (757ms)
				LogAssemblyErrors (0ms)
				InitializePlatformSupportModulesInManaged (21ms)
				SetLoadedEditorAssemblies (0ms)
				RefreshPlugins (96ms)
				BeforeProcessingInitializeOnLoad (3ms)
				ProcessInitializeOnLoadAttributes (468ms)
				ProcessInitializeOnLoadMethodAttributes (169ms)
				AfterProcessingInitializeOnLoad (0ms)
				EditorAssembliesLoaded (0ms)
			ExecutionOrderSort2 (0ms)
			AwakeInstancesAfterBackupRestoration (0ms)
Platform modules already initialized, skipping
Registering precompiled user dll's ...
Registered in 0.239857 seconds.
