Unity Editor version:    2021.3.8f1 (b30333d56e81)
Branch:                  2021.3/staging
Build type:              Release
Batch mode:              YES
macOS version:           Version 12.5.1 (Build 21G83)
Darwin version:          21.6.0
Architecture:            x86_64
Running under Rosetta:   YES
Available memory:        8192 MB
Using pre-set license
Pro License: YES

COMMAND LINE ARGUMENTS:
/Applications/Unity/Hub/Editor/2021.3.8f1/Unity.app/Contents/MacOS/Unity
-adb2
-batchMode
-noUpm
-name
AssetImportWorker373
-projectPath
/Volumes/X-FILES/GitHub/Snow-Board-Game/Snow-Board
-logFile
Logs/AssetImportWorker373.log
-srvPort
52767
Successfully changed project path to: /Volumes/X-FILES/GitHub/Snow-Board-Game/Snow-Board
/Volumes/X-FILES/GitHub/Snow-Board-Game/Snow-Board
[UnityMemory] Configuration Parameters - Can be set up in boot.config
    "memorysetup-bucket-allocator-granularity=16"
    "memorysetup-bucket-allocator-bucket-count=8"
    "memorysetup-bucket-allocator-block-size=33554432"
    "memorysetup-bucket-allocator-block-count=8"
    "memorysetup-main-allocator-block-size=16777216"
    "memorysetup-thread-allocator-block-size=16777216"
    "memorysetup-gfx-main-allocator-block-size=16777216"
    "memorysetup-gfx-thread-allocator-block-size=16777216"
    "memorysetup-cache-allocator-block-size=4194304"
    "memorysetup-typetree-allocator-block-size=2097152"
    "memorysetup-profiler-bucket-allocator-granularity=16"
    "memorysetup-profiler-bucket-allocator-bucket-count=8"
    "memorysetup-profiler-bucket-allocator-block-size=33554432"
    "memorysetup-profiler-bucket-allocator-block-count=8"
    "memorysetup-profiler-allocator-block-size=16777216"
    "memorysetup-profiler-editor-allocator-block-size=1048576"
    "memorysetup-temp-allocator-size-main=16777216"
    "memorysetup-job-temp-allocator-block-size=2097152"
    "memorysetup-job-temp-allocator-block-size-background=1048576"
    "memorysetup-job-temp-allocator-reduction-small-platforms=262144"
    "memorysetup-temp-allocator-size-background-worker=32768"
    "memorysetup-temp-allocator-size-job-worker=262144"
    "memorysetup-temp-allocator-size-preload-manager=33554432"
    "memorysetup-temp-allocator-size-nav-mesh-worker=65536"
    "memorysetup-temp-allocator-size-audio-worker=65536"
    "memorysetup-temp-allocator-size-cloud-worker=32768"
    "memorysetup-temp-allocator-size-gi-baking-worker=262144"
    "memorysetup-temp-allocator-size-gfx=262144"
mdb reader table full -> cleaning up stale readers. Current readers:
    pid     thread     txnid
     25631 206b5c600 -
     26995 208709600 -
     27004 2068e6600 -
     27002 209147600 -
     27007 208eec600 -
     27009 20ab85600 -
     27020 20911d600 -
     27022 20a973600 -
     27057 2089e5600 -
     27055 206a44600 -
     27061 20a472600 -
     27059 208fe9600 -
     27065 20645e600 -
     27063 209046600 -
     27067 209077600 -
     27069 206e10600 -
     27071 20880f600 -
     27073 208980600 -
     27078 208af6600 -
     27076 206b09600 -
     27082 207001600 -
     27080 206878600 -
     27086 2064f8600 -
     27084 208f38600 -
     27097 206994600 -
     27095 2065ed600 -
     27112 20a957600 -
     27114 20a282600 8598
     27121 206bde600 -
     27119 206881600 -
     27140 2073ee600 -
     27138 20acf3600 -
     27160 20b1e2600 -
     27162 207354600 -
     27169 2088a6600 -
     27171 206a27600 -
     27186 208ce1600 -
     27188 20ac56600 -
     27205 20a85e600 -
     27207 206923600 -
     27222 206623600 -
     27220 206406600 -
     27229 208d09600 -
     27231 20aa9c600 -
     27262 208dd4600 -
     27264 2090ec600 -
     27268 207119600 -
     27266 208e07600 -
     27277 206a6c600 -
     27275 206551600 -
     27285 207221600 -
     27283 20b477600 -
     27290 20ad00600 -
     27288 2087e1600 -
     27292 206cfa600 -
     27294 206ffb600 -
     27298 2092f6600 -
     27296 20b360600 -
     27302 208bb0600 -
     27300 208d1b600 -
     27304 209340600 -
     27306 209150600 -
     27308 20879e600 -
     27310 20b37f600 -
     27321 20860c600 -
     27323 208aff600 -
     27339 2090f6600 -
     27341 206be5600 -
     27345 2090b4600 -
     27347 20a6d6600 -
     27350 20af6a600 -
     27352 206dfc600 -
     27356 206b4a600 -
     27354 208f3f600 -
     27358 208ba0600 -
     27360 20abda600 -
     27364 20ab9f600 -
     27366 20a5e6600 -
     27370 2090fd600 -
     27372 20933b600 -
     27375 20a9a3600 -
     27377 206322600 -
     27384 20b36a600 -
     27382 206c81600 -
     27388 206b20600 -
     27386 208e71600 -
     27395 20ae3c600 -
     27397 20b336600 -
     27403 206dfb600 -
     27401 206644600 -
     27412 20873c600 -
     27414 206aaa600 -
     27424 2070e5600 -
     27422 206311600 -
     27431 206de4600 -
     27429 20a5dd600 -
     27433 206589600 -
     27435 208ae0600 -
     27439 20883b600 -
     27437 20aea6600 -
     27441 2071bf600 -
     27443 206779600 -
     27450 208b3b600 -
     27448 20b256600 -
     27455 20abf4600 -
     27453 20a82d600 -
     27458 206d7e600 -
     27460 208dfb600 -
     27478 2085a8600 -
     27476 2085f1600 -
     27492 20b376600 -
     27490 2089c2600 -
     27501 209145600 -
     27503 2090d3600 -
     27512 206d8e600 -
     27514 20a9e2600 -
     27518 2064d9600 -
     27516 20a472600 -
     27523 209244600 -
     27521 206b83600 -
     27528 208eb7600 -
     27526 2094c5600 -
     27536 206ab6600 -
     27534 206774600 -
     26993 208616600 -
     27538 20aecb600 8696
Cleaned out 124 stale readers
Refreshing native plugins compatible for Editor in 575.56 ms, found 3 plugins.
Preloading 0 native plugins for Editor in 0.00 ms.
Initialize engine version: 2021.3.8f1 (b30333d56e81)
[Subsystems] Discovering subsystems at path /Applications/Unity/Hub/Editor/2021.3.8f1/Unity.app/Contents/Resources/UnitySubsystems
[Subsystems] Discovering subsystems at path /Volumes/X-FILES/GitHub/Snow-Board-Game/Snow-Board/Assets
GfxDevice: creating device client; threaded=0; jobified=0
 preferred device: Apple M2 (high power)
Metal devices available: 1
0: Apple M2 (high power)
Using device Apple M2 (high power)
Initializing Metal device caps: Apple M2
Initialize mono
Mono path[0] = '/Applications/Unity/Hub/Editor/2021.3.8f1/Unity.app/Contents/Managed'
Mono path[1] = '/Applications/Unity/Hub/Editor/2021.3.8f1/Unity.app/Contents/MonoBleedingEdge/lib/mono/unityjit-macos'
Mono config path = '/Applications/Unity/Hub/Editor/2021.3.8f1/Unity.app/Contents/MonoBleedingEdge/etc'
Using monoOptions --debugger-agent=transport=dt_socket,embedding=1,server=y,suspend=n,address=127.0.0.1:56540
Begin MonoManager ReloadAssembly
Registering precompiled unity dll's ...
Register platform support module: /Applications/Unity/Hub/Editor/2021.3.8f1/PlaybackEngines/WebGLSupport/UnityEditor.WebGL.Extensions.dll
Register platform support module: /Applications/Unity/Hub/Editor/2021.3.8f1/Unity.app/Contents/PlaybackEngines/MacStandaloneSupport/UnityEditor.OSXStandalone.Extensions.dll
Register platform support module: /Applications/Unity/Hub/Editor/2021.3.8f1/PlaybackEngines/WindowsStandaloneSupport/UnityEditor.WindowsStandalone.Extensions.dll
Registered in 0.002608 seconds.
Native extension for WindowsStandalone target not found
Native extension for OSXStandalone target not found
Native extension for WebGL target not found
Refreshing native plugins compatible for Editor in 90.78 ms, found 3 plugins.
Preloading 0 native plugins for Editor in 0.00 ms.
Mono: successfully reloaded assembly
- Completed reload, in  1.320 seconds
Domain Reload Profiling:
	ReloadAssembly (1321ms)
		BeginReloadAssembly (144ms)
			ExecutionOrderSort (0ms)
			DisableScriptedObjects (0ms)
			BackupInstance (0ms)
			ReleaseScriptingObjects (0ms)
			CreateAndSetChildDomain (2ms)
		EndReloadAssembly (982ms)
			LoadAssemblies (143ms)
			RebuildTransferFunctionScriptingTraits (0ms)
			SetupTypeCache (90ms)
			ReleaseScriptCaches (0ms)
			RebuildScriptCaches (28ms)
			SetupLoadedEditorAssemblies (731ms)
				LogAssemblyErrors (0ms)
				InitializePlatformSupportModulesInManaged (24ms)
				SetLoadedEditorAssemblies (1ms)
				RefreshPlugins (91ms)
				BeforeProcessingInitializeOnLoad (3ms)
				ProcessInitializeOnLoadAttributes (443ms)
				ProcessInitializeOnLoadMethodAttributes (170ms)
				AfterProcessingInitializeOnLoad (0ms)
				EditorAssembliesLoaded (0ms)
			ExecutionOrderSort2 (0ms)
			AwakeInstancesAfterBackupRestoration (0ms)
Platform modules already initialized, skipping
Registering precompiled user dll's ...
Registered in 0.276924 seconds.
