Unity Editor version:    2021.3.8f1 (b30333d56e81)
Branch:                  2021.3/staging
Build type:              Release
Batch mode:              YES
macOS version:           Version 12.5.1 (Build 21G83)
Darwin version:          21.6.0
Architecture:            x86_64
Running under Rosetta:   YES
Available memory:        8192 MB
Using pre-set license
Pro License: YES

COMMAND LINE ARGUMENTS:
/Applications/Unity/Hub/Editor/2021.3.8f1/Unity.app/Contents/MacOS/Unity
-adb2
-batchMode
-noUpm
-name
AssetImportWorker245
-projectPath
/Volumes/X-FILES/GitHub/Snow-Board-Game/Snow-Board
-logFile
Logs/AssetImportWorker245.log
-srvPort
52699
Successfully changed project path to: /Volumes/X-FILES/GitHub/Snow-Board-Game/Snow-Board
/Volumes/X-FILES/GitHub/Snow-Board-Game/Snow-Board
[UnityMemory] Configuration Parameters - Can be set up in boot.config
    "memorysetup-bucket-allocator-granularity=16"
    "memorysetup-bucket-allocator-bucket-count=8"
    "memorysetup-bucket-allocator-block-size=33554432"
    "memorysetup-bucket-allocator-block-count=8"
    "memorysetup-main-allocator-block-size=16777216"
    "memorysetup-thread-allocator-block-size=16777216"
    "memorysetup-gfx-main-allocator-block-size=16777216"
    "memorysetup-gfx-thread-allocator-block-size=16777216"
    "memorysetup-cache-allocator-block-size=4194304"
    "memorysetup-typetree-allocator-block-size=2097152"
    "memorysetup-profiler-bucket-allocator-granularity=16"
    "memorysetup-profiler-bucket-allocator-bucket-count=8"
    "memorysetup-profiler-bucket-allocator-block-size=33554432"
    "memorysetup-profiler-bucket-allocator-block-count=8"
    "memorysetup-profiler-allocator-block-size=16777216"
    "memorysetup-profiler-editor-allocator-block-size=1048576"
    "memorysetup-temp-allocator-size-main=16777216"
    "memorysetup-job-temp-allocator-block-size=2097152"
    "memorysetup-job-temp-allocator-block-size-background=1048576"
    "memorysetup-job-temp-allocator-reduction-small-platforms=262144"
    "memorysetup-temp-allocator-size-background-worker=32768"
    "memorysetup-temp-allocator-size-job-worker=262144"
    "memorysetup-temp-allocator-size-preload-manager=33554432"
    "memorysetup-temp-allocator-size-nav-mesh-worker=65536"
    "memorysetup-temp-allocator-size-audio-worker=65536"
    "memorysetup-temp-allocator-size-cloud-worker=32768"
    "memorysetup-temp-allocator-size-gi-baking-worker=262144"
    "memorysetup-temp-allocator-size-gfx=262144"
mdb reader table full -> cleaning up stale readers. Current readers:
    pid     thread     txnid
     40926 2091ee600 -
     40926 314601000 -
     40926 3124b5000 -
     41943 206e94600 -
     41954 206f40600 -
     41952 208ad0600 -
     41962 206bdb600 -
     41964 208a02600 -
     41974 206663600 -
     41976 20b156600 -
     41986 208f54600 -
     41984 20ab14600 -
     41994 20ab60600 -
     41996 209174600 -
     42005 20b4eb600 -
     42007 20a60a600 -
     42028 208de2600 -
     42026 206f92600 -
     42038 20b19d600 -
     42040 2067ac600 -
     42048 2087d1600 -
     42050 20acba600 -
     42058 208bec600 -
     42060 206ece600 -
     42070 20ac4f600 -
     42068 20877e600 -
     42080 208789600 -
     42082 206bce600 -
     42092 20afe4600 -
     42090 20a630600 -
     42103 2064c6600 -
     42101 206511600 -
     42125 206ad7600 -
     42123 2088e0600 -
     42134 2070bc600 -
     42136 208e25600 -
     42149 209352600 -
     42147 209046600 -
     42162 20906c600 -
     42160 20928d600 -
     42172 20a58b600 -
     42170 208de2600 -
     42182 20b1bf600 -
     42180 208671600 -
     42190 20835c600 -
     42192 206783600 -
     42200 2084e4600 -
     42202 20adda600 -
     42215 2092df600 -
     42213 20ad73600 -
     42223 2064e5600 -
     42225 208e6e600 -
     42235 209017600 -
     42233 2090a1600 -
     42246 20682e600 -
     42248 206be9600 -
     42258 2086ca600 -
     42256 206dbb600 -
     42271 206e22600 -
     42269 208644600 -
     42284 209146600 -
     42282 2087b5600 -
     42294 206d31600 -
     42292 20844b600 -
     42304 20b241600 -
     42302 2090f3600 -
     42312 208cb1600 -
     42314 20ad1a600 -
     42324 2069e0600 -
     42322 206a1b600 -
     42333 20a359600 -
     42335 208b15600 -
     42344 20aeb5600 -
     42346 206bdd600 -
     42356 20849b600 -
     42354 206a6a600 -
     42365 208f84600 -
     42367 20a8ed600 -
     42377 206672600 -
     42375 2090f3600 -
     42387 2067f6600 -
     42385 20ad40600 -
     42397 2088da600 -
     42395 20af42600 -
     42406 209430600 -
     42408 20733c600 -
     42418 20a787600 -
     42416 206afe600 -
     42427 20a30c600 -
     42429 207433600 -
     42437 206df2600 -
     42439 20aeb9600 -
     42449 20b08e600 -
     42447 20aed0600 -
     42457 20a910600 -
     42459 20ae9f600 -
     42467 20b127600 -
     42469 208fcc600 -
     42479 2064ce600 -
     42477 206f3f600 -
     42505 20ace6600 -
     42507 208d3d600 -
     42515 208b94600 -
     42517 2084c1600 -
     42527 20b319600 -
     42525 20ab0c600 -
     42536 20a767600 -
     42538 20b237600 -
     42551 20a350600 -
     42549 20699e600 -
     42561 2067fb600 -
     42559 20656c600 -
     42581 2086b8600 -
     42579 208dc2600 -
     42590 206645600 -
     42592 208aad600 -
     42604 20a4ea600 -
     42606 20a647600 -
     42622 2094eb600 -
     42624 2085ca600 -
     42639 20699b600 -
     42641 20a8c8600 -
     42658 208664600 -
     42656 20aa6a600 -
     42672 2070f8600 -
     41941 20a717600 -
Cleaned out 122 stale readers
Refreshing native plugins compatible for Editor in 442.40 ms, found 3 plugins.
Preloading 0 native plugins for Editor in 0.00 ms.
Initialize engine version: 2021.3.8f1 (b30333d56e81)
[Subsystems] Discovering subsystems at path /Applications/Unity/Hub/Editor/2021.3.8f1/Unity.app/Contents/Resources/UnitySubsystems
[Subsystems] Discovering subsystems at path /Volumes/X-FILES/GitHub/Snow-Board-Game/Snow-Board/Assets
GfxDevice: creating device client; threaded=0; jobified=0
 preferred device: Apple M2 (high power)
Metal devices available: 1
0: Apple M2 (high power)
Using device Apple M2 (high power)
Initializing Metal device caps: Apple M2
Initialize mono
Mono path[0] = '/Applications/Unity/Hub/Editor/2021.3.8f1/Unity.app/Contents/Managed'
Mono path[1] = '/Applications/Unity/Hub/Editor/2021.3.8f1/Unity.app/Contents/MonoBleedingEdge/lib/mono/unityjit-macos'
Mono config path = '/Applications/Unity/Hub/Editor/2021.3.8f1/Unity.app/Contents/MonoBleedingEdge/etc'
Using monoOptions --debugger-agent=transport=dt_socket,embedding=1,server=y,suspend=n,address=127.0.0.1:56674
Begin MonoManager ReloadAssembly
Registering precompiled unity dll's ...
Register platform support module: /Applications/Unity/Hub/Editor/2021.3.8f1/PlaybackEngines/WebGLSupport/UnityEditor.WebGL.Extensions.dll
Register platform support module: /Applications/Unity/Hub/Editor/2021.3.8f1/Unity.app/Contents/PlaybackEngines/MacStandaloneSupport/UnityEditor.OSXStandalone.Extensions.dll
Register platform support module: /Applications/Unity/Hub/Editor/2021.3.8f1/PlaybackEngines/WindowsStandaloneSupport/UnityEditor.WindowsStandalone.Extensions.dll
Registered in 0.000559 seconds.
Native extension for WindowsStandalone target not found
Native extension for OSXStandalone target not found
Native extension for WebGL target not found
Refreshing native plugins compatible for Editor in 84.49 ms, found 3 plugins.
Preloading 0 native plugins for Editor in 0.00 ms.
Mono: successfully reloaded assembly
- Completed reload, in  1.262 seconds
Domain Reload Profiling:
	ReloadAssembly (1263ms)
		BeginReloadAssembly (144ms)
			ExecutionOrderSort (0ms)
			DisableScriptedObjects (0ms)
			BackupInstance (0ms)
			ReleaseScriptingObjects (0ms)
			CreateAndSetChildDomain (2ms)
		EndReloadAssembly (930ms)
			LoadAssemblies (142ms)
			RebuildTransferFunctionScriptingTraits (0ms)
			SetupTypeCache (87ms)
			ReleaseScriptCaches (0ms)
			RebuildScriptCaches (27ms)
			SetupLoadedEditorAssemblies (687ms)
				LogAssemblyErrors (0ms)
				InitializePlatformSupportModulesInManaged (23ms)
				SetLoadedEditorAssemblies (0ms)
				RefreshPlugins (85ms)
				BeforeProcessingInitializeOnLoad (2ms)
				ProcessInitializeOnLoadAttributes (423ms)
				ProcessInitializeOnLoadMethodAttributes (153ms)
				AfterProcessingInitializeOnLoad (0ms)
				EditorAssembliesLoaded (0ms)
			ExecutionOrderSort2 (0ms)
			AwakeInstancesAfterBackupRestoration (0ms)
Platform modules already initialized, skipping
Registering precompiled user dll's ...
Registered in 0.267512 seconds.
